TASK LOG
[TASK]:leetCode -> 1:17:54.599471 total time
[TASK]:physics homework -> 1:02:41.696473 total time
[TASK]:power nap -> 2:15:02.913387 total time
[TASK]:Study Physics -> 1:13:43.343235 total time
[TASK]:coffee break -> 0:08:49.547585 total time
[TASK]:Physics Problems -> 0:00:02.535734 total time
[TASK]:Physics Problems -> 0:18:14.869660 total time
[TASK]:fixing python -> 0:30:03.552226 total time
[TASK]:Physics Problems -> 1:26:01.760805 total time
[TASK]:Coffee Break -> 0:48:24.735524 total time
[TASK]:Physics Problem VP1.7.2 -> 0:06:30.996041 total time
[TASK]:Problem VP1.7.2 -> 0:02:53.845276 total time
[TASK]:Dinner -> 0:11:50.544499 total time
[TASK]:Problem VP1.7.2 -> 0:46:44.939936 total time
[TASK]:Physics Problem 1.7.3 -> 1:01:52.084438 total time
[TASK]:Physics Problem 1.7.4 -> 1:44:11.488470 total time
[TASK]:coffee break -> 0:32:02.950946 total time
[TASK]:Physics Problem PV1.10.1 -> 0:44:49.962094 total time
[TASK]:Physics Problem VP1.10.2 -> 0:42:30.422749 total time
[TASK]:Physics Problem 1.10.3 -> 0:40:47.668088 total time
[TASK]:Physics Problem 1.10.4 -> 1:17:48.721801 total time
[TASK]:net config -> 0:15:45.383115 total time
[TASK]:HD FS 276 Quiz 5 -> 1:27:39.629279 total time
[TASK]:coffee break -> 1:09:06.181522 total time
[TASK]:Hygiene -> 1:00:22.890988 total time
[TASK]:leetcode exercise -> 0:26:54.544593 total time
[TASK]:Prayer -> 0:29:43.487640 total time
[TASK]:Coffee Break -> 0:12:30.302659 total time
[TASK]:Plan workouts -> 1:15:46.374513 total time
[TASK]:Install Java -> 0:29:05.605467 total time
[TASK]:Java Exercises -> 1:16:16.670756 total time
[TASK]:Coffee Break -> 0:31:58.510532 total time
[TASK]:Java Exercises -> 3:49:20.446240 total time
[TASK]:HD FS Discussion 5 -> 2:43:18.848343 total time
[TASK]:HTB Paper -> 17:04:46.113886 total time
[TASK]:leet code 144 -> 13:09:10.356859 total time
[TASK]:Reconfigure router -> 1:02:16.953933 total time
[TASK]:Coffee Break -> 0:24:39.055098 total time
[TASK]:Recipes -> 1 day, 9:27:51.429051 total time
[TASK]:Network Config -> 0:54:31.445781 total time
[TASK]:TOP -> 0:50:30.200758 total time
[TASK]:POMO BREAK -> 0:10:30.199738 total time
[TASK]: -> 0:00:03.839164 total time
[TASK]:Coffee Break -> 0:15:23.364095 total time
[TASK]:TOP -> 0:58:38.774539 total time
[TASK]:Break -> 0:00:02.068019 total time
[TASK]:Break -> 6:03:22.190937 total time
[TASK]:Question 1.1 -> 0:09:13.497366 total time
[TASK]:Discussion Questions -> 0:43:00.786266 total time
[TASK]:Security Config -> 3:12:08.937401 total time
[TASK]:Calculus -> 2:46:37.307090 total time
[TASK]:Coffee Break -> 5:14:42.478782 total time
[TASK]:Breakfast -> 4:29:16.463172 total time
[TASK]:15 min day brief -> 1:32:02.221233 total time
[TASK]:Coffee Break -> 0:56:13.255906 total time
[TASK]:Calculus -> 0:43:48.920626 total time
[TASK]:livestream church service -> 3:26:25.349906 total time
[TASK]:Programming in Java -> 0:42:12.988486 total time
[TASK]:Coffee/Zzzzz Break -> 5:56:49.857350 total time
[TASK]:Memorizing -> 1:26:12.942158 total time
[TASK]:Calculus -> 0:07:52.384968 total time
[TASK]:Java -> 0:00:02.145493 total time
[TASK]:Java -> 2:32:33.940064 total time
[TASK]:Coffee Break -> 46 days, 5:46:54.503761 total time
2023-03-04 19:23:47.269392[TASK]:The Task -> 0:00:01.588719 total time
2023-03-04 19:24:22.542101[TASK]:THe Task 2 -> 0:00:02.278416 total time
2023-03-04 19:24:30.045630[TASK]:The Task 3 -> 0:00:01.519349 total time